Base path: '/Applications/Unity/Hub/Editor/2019.2.17f1/Unity.app/Contents', plugins path '/Applications/Unity/Hub/Editor/2019.2.17f1/Unity.app/Contents/PlaybackEngines'
Cmd: initializeCompiler
Cmd: compileComputeKernel
  api=14 insize=7960 outsize=3022 ok=1
Cmd: translateComputeKernel
  api=14 insize=2761 outsize=2729 ok=1
Cmd: translateComputeKernel
  api=14 insize=4178 outsize=5830 ok=1
Cmd: compileComputeKernel
  api=14 insize=68835 outsize=3877 ok=1
Cmd: compileComputeKernel
  api=14 insize=68835 outsize=5896 ok=1
Cmd: compileComputeKernel
  api=14 insize=68835 outsize=6622 ok=1
Cmd: translateComputeKernel
  api=14 insize=13802 outsize=26478 ok=1
Cmd: compileComputeKernel
  api=14 insize=9919 outsize=2923 ok=1
Cmd: compileComputeKernel
  api=14 insize=9919 outsize=2923 ok=1
Cmd: compileComputeKernel
  api=14 insize=9919 outsize=2952 ok=1
Cmd: compileComputeKernel
  api=14 insize=9919 outsize=3102 ok=1
Cmd: translateComputeKernel
  api=14 insize=2923 outsize=4236 ok=1
Cmd: translateComputeKernel
  api=14 insize=2923 outsize=4240 ok=1
Cmd: translateComputeKernel
  api=14 insize=2960 outsize=4288 ok=1
Cmd: translateComputeKernel
  api=14 insize=3102 outsize=4530 ok=1
Cmd: compileComputeKernel
  api=14 insize=45671 outsize=8584 ok=1
Cmd: compileComputeKernel
  api=14 insize=45671 outsize=4252 ok=1
Cmd: compileComputeKernel
  api=14 insize=45671 outsize=5617 ok=1
Cmd: compileComputeKernel
  api=14 insize=45671 outsize=13955 ok=1
Cmd: translateComputeKernel
  api=14 insize=8584 outsize=16876 ok=1
Cmd: translateComputeKernel
  api=14 insize=5492 outsize=9336 ok=1
Cmd: translateComputeKernel
  api=14 insize=4252 outsize=6905 ok=1
Cmd: translateComputeKernel
  api=14 insize=4913 outsize=8709 ok=1
Cmd: translateComputeKernel
  api=14 insize=5776 outsize=8747 ok=1
Cmd: translateComputeKernel
  api=14 insize=13986 outsize=26797 ok=1
Cmd: compileComputeKernel
  api=14 insize=7959 outsize=3091 ok=1
Cmd: translateComputeKernel
  api=14 insize=3420 outsize=4537 ok=1
Cmd: compileComputeKernel
  api=14 insize=49356 outsize=3498 ok=1
Cmd: compileComputeKernel
  api=14 insize=49356 outsize=4891 ok=1
Cmd: compileComputeKernel
  api=14 insize=49356 outsize=3078 ok=1
Cmd: compileComputeKernel
  api=14 insize=49356 outsize=3174 ok=1
Cmd: compileComputeKernel
  api=14 insize=49356 outsize=5111 ok=1
Cmd: compileComputeKernel
  api=14 insize=49356 outsize=3112 ok=1
Cmd: compileComputeKernel
  api=14 insize=49356 outsize=3263 ok=1
Cmd: compileComputeKernel
  api=14 insize=49356 outsize=3188 ok=1
Cmd: compileComputeKernel
  api=14 insize=49356 outsize=3054 ok=1
Cmd: compileComputeKernel
  api=14 insize=49356 outsize=3130 ok=1
Cmd: compileComputeKernel
  api=14 insize=49356 outsize=3727 ok=1
Cmd: compileComputeKernel
  api=14 insize=49356 outsize=3727 ok=1
Cmd: compileComputeKernel
  api=14 insize=49356 outsize=3761 ok=1
Cmd: compileComputeKernel
  api=14 insize=49356 outsize=3906 ok=1
Cmd: compileComputeKernel
  api=14 insize=49356 outsize=3137 ok=1
Cmd: compileComputeKernel
  api=14 insize=49356 outsize=3337 ok=1
Cmd: compileComputeKernel
  api=14 insize=49356 outsize=3605 ok=1
Cmd: translateComputeKernel
  api=14 insize=5128 outsize=7553 ok=1
Cmd: translateComputeKernel
  api=14 insize=3882 outsize=4149 ok=1
Cmd: translateComputeKernel
  api=14 insize=4193 outsize=5075 ok=1
Cmd: translateComputeKernel
  api=14 insize=3587 outsize=3760 ok=1
Cmd: translateComputeKernel
  api=14 insize=3987 outsize=4357 ok=1
Cmd: translateComputeKernel
  api=14 insize=3576 outsize=3567 ok=1
Cmd: translateComputeKernel
  api=14 insize=3562 outsize=3538 ok=1
Cmd: translateComputeKernel
  api=14 insize=3883 outsize=4113 ok=1
Cmd: translateComputeKernel
  api=14 insize=3573 outsize=3567 ok=1
Cmd: translateComputeKernel
  api=14 insize=3581 outsize=3601 ok=1
Cmd: translateComputeKernel
  api=14 insize=4348 outsize=5243 ok=1
Cmd: translateComputeKernel
  api=14 insize=3593 outsize=3689 ok=1
Cmd: translateComputeKernel
  api=14 insize=3594 outsize=3674 ok=1
Cmd: compileComputeKernel
  api=14 insize=4103 outsize=2847 ok=1
Cmd: translateComputeKernel
  api=14 insize=2757 outsize=3255 ok=1
Cmd: compileComputeKernel
  api=14 insize=1810 outsize=4325 ok=1
Cmd: translateComputeKernel
  api=14 insize=4325 outsize=7631 ok=1
Cmd: compileComputeKernel
  api=14 insize=29386 outsize=1157 ok=1
Cmd: compileComputeKernel
  api=14 insize=29386 outsize=2058 ok=1
Cmd: compileComputeKernel
  api=14 insize=29386 outsize=2153 ok=1
Cmd: compileComputeKernel
  api=14 insize=29386 outsize=2182 ok=1
Cmd: compileComputeKernel
  api=14 insize=29386 outsize=2286 ok=1
Cmd: compileComputeKernel
  api=14 insize=29386 outsize=1319 ok=1
Cmd: compileComputeKernel
  api=14 insize=29386 outsize=1345 ok=1
Cmd: compileComputeKernel
  api=14 insize=29386 outsize=2181 ok=1
Cmd: compileComputeKernel
  api=14 insize=29386 outsize=2077 ok=1
Cmd: compileComputeKernel
  api=14 insize=29386 outsize=2172 ok=1
Cmd: compileComputeKernel
  api=14 insize=29386 outsize=2207 ok=1
Cmd: compileComputeKernel
  api=14 insize=29386 outsize=2187 ok=1
Cmd: compileComputeKernel
  api=14 insize=29386 outsize=2640 ok=1
Cmd: compileComputeKernel
  api=14 insize=29386 outsize=2629 ok=1
Cmd: compileComputeKernel
  api=14 insize=29386 outsize=2895 ok=1
Cmd: compileComputeKernel
  api=14 insize=29386 outsize=2828 ok=1
Cmd: compileComputeKernel
  api=14 insize=29386 outsize=2754 ok=1
Cmd: compileComputeKernel
  api=14 insize=29386 outsize=2773 ok=1
Cmd: compileComputeKernel
  api=14 insize=29386 outsize=2682 ok=1
Cmd: compileComputeKernel
  api=14 insize=29386 outsize=2659 ok=1
Cmd: compileComputeKernel
  api=14 insize=29386 outsize=2740 ok=1
Cmd: compileComputeKernel
  api=14 insize=29386 outsize=2989 ok=1
Cmd: translateComputeKernel
  api=14 insize=1410 outsize=1434 ok=1
Cmd: translateComputeKernel
  api=14 insize=2311 outsize=1977 ok=1
Cmd: translateComputeKernel
  api=14 insize=2313 outsize=1961 ok=1
Cmd: translateComputeKernel
  api=14 insize=2342 outsize=1999 ok=1
Cmd: translateComputeKernel
  api=14 insize=2509 outsize=2248 ok=1
Cmd: translateComputeKernel
  api=14 insize=2330 outsize=1964 ok=1
Cmd: translateComputeKernel
  api=14 insize=2390 outsize=2088 ok=1
Cmd: translateComputeKernel
  api=14 insize=2404 outsize=2074 ok=1
Cmd: translateComputeKernel
  api=14 insize=2598 outsize=2369 ok=1
Cmd: translateComputeKernel
  api=14 insize=2290 outsize=1917 ok=1
Cmd: translateComputeKernel
  api=14 insize=2272 outsize=1880 ok=1
Cmd: translateComputeKernel
  api=14 insize=2332 outsize=1996 ok=1
Cmd: translateComputeKernel
  api=14 insize=2332 outsize=1997 ok=1
Cmd: translateComputeKernel
  api=14 insize=2300 outsize=1918 ok=1
Cmd: translateComputeKernel
  api=14 insize=2287 outsize=1890 ok=1
Cmd: translateComputeKernel
  api=14 insize=2289 outsize=1903 ok=1
Cmd: translateComputeKernel
  api=14 insize=2824 outsize=2967 ok=1
Cmd: translateComputeKernel
  api=14 insize=2853 outsize=3005 ok=1
Cmd: translateComputeKernel
  api=14 insize=3426 outsize=4220 ok=1
Cmd: translateComputeKernel
  api=14 insize=2997 outsize=3368 ok=1
Cmd: translateComputeKernel
  api=14 insize=3052 outsize=3308 ok=1
Cmd: translateComputeKernel
  api=14 insize=2901 outsize=3094 ok=1
Cmd: translateComputeKernel
  api=14 insize=2838 outsize=3198 ok=1
Cmd: translateComputeKernel
  api=14 insize=2892 outsize=3210 ok=1
Cmd: translateComputeKernel
  api=14 insize=2967 outsize=3201 ok=1
Cmd: translateComputeKernel
  api=14 insize=2861 outsize=3039 ok=1
Cmd: translateComputeKernel
  api=14 insize=2820 outsize=3140 ok=1
Cmd: translateComputeKernel
  api=14 insize=2820 outsize=3141 ok=1
Cmd: translateComputeKernel
  api=14 insize=2780 outsize=3115 ok=1
Cmd: translateComputeKernel
  api=14 insize=2753 outsize=3079 ok=1
Cmd: translateComputeKernel
  api=14 insize=2808 outsize=3152 ok=1
Cmd: translateComputeKernel
  api=14 insize=2860 outsize=3025 ok=1
Cmd: translateComputeKernel
  api=14 insize=2837 outsize=3163 ok=1

Quitting shader compiler process
