Base path: '/Applications/Unity/Hub/Editor/2019.2.17f1/Unity.app/Contents', plugins path '/Applications/Unity/Hub/Editor/2019.2.17f1/Unity.app/Contents/PlaybackEngines'
Cmd: initializeCompiler
Cmd: compileComputeKernel
  api=14 insize=7960 outsize=3081 ok=1
Cmd: compileComputeKernel
  api=14 insize=7960 outsize=3055 ok=1
Cmd: compileComputeKernel
  api=14 insize=7960 outsize=3135 ok=1
Cmd: translateComputeKernel
  api=14 insize=3180 outsize=3779 ok=1
Cmd: translateComputeKernel
  api=14 insize=4178 outsize=5830 ok=1
Cmd: compileComputeKernel
  error: 1 plat 14 at Tensor.cginc(155): use of potentially uninitialized variable (ReadonlyTensor::SafeGet)
  api=14 insize=68835 outsize=13769 ok=1
Cmd: compileComputeKernel
  api=14 insize=68835 outsize=4696 ok=1
Cmd: translateComputeKernel
  api=14 insize=13802 outsize=26478 ok=1
Cmd: compileComputeKernel
  api=14 insize=9919 outsize=2923 ok=1
Cmd: compileComputeKernel
  api=14 insize=9919 outsize=3363 ok=1
Cmd: compileComputeKernel
  api=14 insize=9919 outsize=2923 ok=1
Cmd: compileComputeKernel
  api=14 insize=9919 outsize=2952 ok=1
Cmd: compileComputeKernel
  api=14 insize=9919 outsize=3101 ok=1
Cmd: translateComputeKernel
  api=14 insize=2927 outsize=4239 ok=1
Cmd: translateComputeKernel
  api=14 insize=2955 outsize=4282 ok=1
Cmd: translateComputeKernel
  api=14 insize=2952 outsize=4279 ok=1
Cmd: translateComputeKernel
  api=14 insize=3101 outsize=4530 ok=1
Cmd: compileComputeKernel
  api=14 insize=45671 outsize=14464 ok=1
Cmd: translateComputeKernel
  api=14 insize=4003 outsize=6027 ok=1
Cmd: translateComputeKernel
  api=14 insize=10961 outsize=19478 ok=1
Cmd: translateComputeKernel
  api=14 insize=4913 outsize=8709 ok=1
Cmd: translateComputeKernel
  api=14 insize=13986 outsize=26797 ok=1
Cmd: compileComputeKernel
  api=14 insize=7959 outsize=3091 ok=1
Cmd: compileComputeKernel
  api=14 insize=7959 outsize=4090 ok=1
Cmd: translateComputeKernel
  api=14 insize=3420 outsize=4537 ok=1
Cmd: compileComputeKernel
  error: 1 plat 14 at Tensor.cginc(141): use of potentially uninitialized variable (ReadonlyTensor::SafeGet)
  api=14 insize=49356 outsize=4778 ok=1
Cmd: compileComputeKernel
  api=14 insize=49356 outsize=3432 ok=1
Cmd: compileComputeKernel
  api=14 insize=49356 outsize=3078 ok=1
Cmd: compileComputeKernel
  api=14 insize=49356 outsize=3544 ok=1
Cmd: compileComputeKernel
  api=14 insize=49356 outsize=3067 ok=1
Cmd: compileComputeKernel
  api=14 insize=49356 outsize=3030 ok=1
Cmd: compileComputeKernel
  api=14 insize=49356 outsize=3374 ok=1
Cmd: compileComputeKernel
  api=14 insize=49356 outsize=3126 ok=1
Cmd: compileComputeKernel
  api=14 insize=49356 outsize=3290 ok=1
Cmd: compileComputeKernel
  api=14 insize=49356 outsize=3027 ok=1
Cmd: compileComputeKernel
  api=14 insize=49356 outsize=3727 ok=1
Cmd: compileComputeKernel
  api=14 insize=49356 outsize=4167 ok=1
Cmd: compileComputeKernel
  api=14 insize=49356 outsize=3764 ok=1
Cmd: compileComputeKernel
  api=14 insize=49356 outsize=3905 ok=1
Cmd: compileComputeKernel
  api=14 insize=49356 outsize=3084 ok=1
Cmd: compileComputeKernel
  api=14 insize=49356 outsize=3085 ok=1
Cmd: compileComputeKernel
  api=14 insize=49356 outsize=3192 ok=1
Cmd: translateComputeKernel
  api=14 insize=3907 outsize=4203 ok=1
Cmd: translateComputeKernel
  api=14 insize=5241 outsize=7706 ok=1
Cmd: translateComputeKernel
  api=14 insize=3882 outsize=4149 ok=1
Cmd: translateComputeKernel
  api=14 insize=4193 outsize=5075 ok=1
Cmd: translateComputeKernel
  api=14 insize=3587 outsize=3760 ok=1
Cmd: translateComputeKernel
  api=14 insize=3683 outsize=3940 ok=1
Cmd: translateComputeKernel
  api=14 insize=5522 outsize=7372 ok=1
Cmd: translateComputeKernel
  api=14 insize=3934 outsize=4182 ok=1
Cmd: translateComputeKernel
  api=14 insize=3635 outsize=3642 ok=1
Cmd: translateComputeKernel
  api=14 insize=3581 outsize=3601 ok=1
Cmd: translateComputeKernel
  api=14 insize=4146 outsize=4784 ok=1
Cmd: translateComputeKernel
  api=14 insize=3563 outsize=3565 ok=1
Cmd: translateComputeKernel
  api=14 insize=3999 outsize=4292 ok=1
Cmd: translateComputeKernel
  api=14 insize=3588 outsize=3556 ok=1
Cmd: translateComputeKernel
  api=14 insize=4173 outsize=4952 ok=1
Cmd: translateComputeKernel
  api=14 insize=4169 outsize=4949 ok=1
Cmd: translateComputeKernel
  api=14 insize=4169 outsize=4953 ok=1
Cmd: translateComputeKernel
  api=14 insize=4206 outsize=5001 ok=1
Cmd: translateComputeKernel
  api=14 insize=4347 outsize=5243 ok=1
Cmd: translateComputeKernel
  api=14 insize=3578 outsize=3574 ok=1
Cmd: translateComputeKernel
  api=14 insize=3593 outsize=3673 ok=1
Cmd: translateComputeKernel
  api=14 insize=4168 outsize=4753 ok=1
Cmd: translateComputeKernel
  api=14 insize=4807 outsize=6205 ok=1
Cmd: compileComputeKernel
  api=14 insize=4103 outsize=2847 ok=1
Cmd: translateComputeKernel
  api=14 insize=2670 outsize=3032 ok=1
Cmd: compileComputeKernel
  api=14 insize=29386 outsize=2148 ok=1
Cmd: compileComputeKernel
  api=14 insize=29386 outsize=1166 ok=1
Cmd: compileComputeKernel
  api=14 insize=29386 outsize=2182 ok=1
Cmd: compileComputeKernel
  api=14 insize=29386 outsize=2313 ok=1
Cmd: compileComputeKernel
  api=14 insize=29386 outsize=1622 ok=1
Cmd: compileComputeKernel
  api=14 insize=29386 outsize=2149 ok=1
Cmd: compileComputeKernel
  api=14 insize=29386 outsize=2326 ok=1
Cmd: compileComputeKernel
  api=14 insize=29386 outsize=2220 ok=1
Cmd: compileComputeKernel
  api=14 insize=29386 outsize=2077 ok=1
Cmd: compileComputeKernel
  api=14 insize=29386 outsize=2145 ok=1
Cmd: compileComputeKernel
  api=14 insize=29386 outsize=2207 ok=1
Cmd: compileComputeKernel
  api=14 insize=29386 outsize=2248 ok=1
Cmd: compileComputeKernel
  api=14 insize=29386 outsize=2692 ok=1
Cmd: compileComputeKernel
  api=14 insize=29386 outsize=2543 ok=1
Cmd: compileComputeKernel
  api=14 insize=29386 outsize=2891 ok=1
Cmd: compileComputeKernel
  api=14 insize=29386 outsize=2717 ok=1
Cmd: compileComputeKernel
  api=14 insize=29386 outsize=2691 ok=1
Cmd: compileComputeKernel
  api=14 insize=29386 outsize=2730 ok=1
Cmd: compileComputeKernel
  api=14 insize=29386 outsize=2659 ok=1
Cmd: compileComputeKernel
  api=14 insize=29386 outsize=2619 ok=1
Cmd: compileComputeKernel
  api=14 insize=29386 outsize=2740 ok=1
Cmd: compileComputeKernel
  api=14 insize=29386 outsize=2989 ok=1
Cmd: translateComputeKernel
  api=14 insize=1410 outsize=1434 ok=1
Cmd: translateComputeKernel
  api=14 insize=2311 outsize=1977 ok=1
Cmd: translateComputeKernel
  api=14 insize=1476 outsize=1516 ok=1
Cmd: translateComputeKernel
  api=14 insize=2671 outsize=2671 ok=1
Cmd: translateComputeKernel
  api=14 insize=2541 outsize=2302 ok=1
Cmd: translateComputeKernel
  api=14 insize=2390 outsize=2088 ok=1
Cmd: translateComputeKernel
  api=14 insize=2456 outsize=2195 ok=1
Cmd: translateComputeKernel
  api=14 insize=2272 outsize=1880 ok=1
Cmd: translateComputeKernel
  api=14 insize=1458 outsize=1514 ok=1
Cmd: translateComputeKernel
  api=14 insize=2300 outsize=1918 ok=1
Cmd: translateComputeKernel
  api=14 insize=2287 outsize=1890 ok=1
Cmd: translateComputeKernel
  api=14 insize=2349 outsize=2019 ok=1
Cmd: translateComputeKernel
  api=14 insize=2761 outsize=3083 ok=1
Cmd: translateComputeKernel
  api=14 insize=3426 outsize=4220 ok=1
Cmd: translateComputeKernel
  api=14 insize=3052 outsize=3308 ok=1
Cmd: translateComputeKernel
  api=14 insize=2838 outsize=3198 ok=1
Cmd: translateComputeKernel
  api=14 insize=2852 outsize=3184 ok=1
Cmd: translateComputeKernel
  api=14 insize=2904 outsize=3297 ok=1
Cmd: translateComputeKernel
  api=14 insize=2798 outsize=3151 ok=1
Cmd: translateComputeKernel
  api=14 insize=2843 outsize=3003 ok=1
Cmd: translateComputeKernel
  api=14 insize=2793 outsize=3105 ok=1
Cmd: translateComputeKernel
  api=14 insize=2808 outsize=3152 ok=1
Cmd: translateComputeKernel
  api=14 insize=2837 outsize=3163 ok=1
