Base path: '/Applications/Unity/Hub/Editor/2019.2.17f1/Unity.app/Contents', plugins path '/Applications/Unity/Hub/Editor/2019.2.17f1/Unity.app/Contents/PlaybackEngines'
Cmd: initializeCompiler
Cmd: compileComputeKernel
  api=14 insize=7960 outsize=3081 ok=1
Cmd: compileComputeKernel
  api=14 insize=7960 outsize=2783 ok=1
Cmd: translateComputeKernel
  api=14 insize=3239 outsize=3679 ok=1
Cmd: translateComputeKernel
  api=14 insize=3214 outsize=3417 ok=1
Cmd: translateComputeKernel
  api=14 insize=3193 outsize=3669 ok=1
Cmd: compileComputeKernel
  api=14 insize=68835 outsize=8733 ok=1
Cmd: translateComputeKernel
  api=14 insize=8733 outsize=16335 ok=1
Cmd: compileComputeKernel
  api=14 insize=9919 outsize=2923 ok=1
Cmd: compileComputeKernel
  api=14 insize=9919 outsize=2955 ok=1
Cmd: compileComputeKernel
  api=14 insize=9919 outsize=2953 ok=1
Cmd: translateComputeKernel
  api=14 insize=2927 outsize=4239 ok=1
Cmd: translateComputeKernel
  api=14 insize=2955 outsize=4282 ok=1
Cmd: translateComputeKernel
  api=14 insize=2953 outsize=4281 ok=1
Cmd: compileComputeKernel
  api=14 insize=45671 outsize=14464 ok=1
Cmd: translateComputeKernel
  api=14 insize=4003 outsize=6027 ok=1
Cmd: translateComputeKernel
  api=14 insize=10961 outsize=19478 ok=1
Cmd: compileComputeKernel
  api=14 insize=7959 outsize=2991 ok=1
Cmd: translateComputeKernel
  api=14 insize=3019 outsize=3665 ok=1
Cmd: translateComputeKernel
  api=14 insize=2806 outsize=3257 ok=1
Cmd: compileComputeKernel
  api=14 insize=49356 outsize=13099 ok=1
Cmd: compileComputeKernel
  api=14 insize=49356 outsize=3290 ok=1
Cmd: compileComputeKernel
  api=14 insize=49356 outsize=3520 ok=1
Cmd: compileComputeKernel
  api=14 insize=49356 outsize=3731 ok=1
Cmd: compileComputeKernel
  api=14 insize=49356 outsize=3727 ok=1
Cmd: compileComputeKernel
  api=14 insize=49356 outsize=3756 ok=1
Cmd: compileComputeKernel
  api=14 insize=49356 outsize=3906 ok=1
Cmd: compileComputeKernel
  api=14 insize=49356 outsize=3084 ok=1
Cmd: compileComputeKernel
  api=14 insize=49356 outsize=3753 ok=1
Cmd: compileComputeKernel
  api=14 insize=49356 outsize=3523 ok=1
Cmd: translateComputeKernel
  api=14 insize=5001 outsize=6967 ok=1
Cmd: translateComputeKernel
  api=14 insize=3683 outsize=3940 ok=1
Cmd: translateComputeKernel
  api=14 insize=5522 outsize=7372 ok=1
Cmd: translateComputeKernel
  api=14 insize=3635 outsize=3642 ok=1
Cmd: translateComputeKernel
  api=14 insize=4146 outsize=4784 ok=1
Cmd: translateComputeKernel
  api=14 insize=3563 outsize=3564 ok=1
Cmd: translateComputeKernel
  api=14 insize=3536 outsize=3525 ok=1
Cmd: translateComputeKernel
  api=14 insize=3580 outsize=3587 ok=1
Cmd: translateComputeKernel
  api=14 insize=4169 outsize=4949 ok=1
Cmd: translateComputeKernel
  api=14 insize=4169 outsize=4949 ok=1
Cmd: translateComputeKernel
  api=14 insize=4609 outsize=5744 ok=1
Cmd: translateComputeKernel
  api=14 insize=4169 outsize=4953 ok=1
Cmd: translateComputeKernel
  api=14 insize=4198 outsize=4992 ok=1
Cmd: translateComputeKernel
  api=14 insize=4199 outsize=4994 ok=1
Cmd: translateComputeKernel
  api=14 insize=4348 outsize=5244 ok=1
Cmd: translateComputeKernel
  api=14 insize=3593 outsize=3688 ok=1
Cmd: translateComputeKernel
  api=14 insize=3646 outsize=3810 ok=1
Cmd: translateComputeKernel
  api=14 insize=5084 outsize=6717 ok=1
Cmd: translateComputeKernel
  api=14 insize=3760 outsize=3923 ok=1
Cmd: translateComputeKernel
  api=14 insize=3673 outsize=3719 ok=1
Cmd: translateComputeKernel
  api=14 insize=4086 outsize=4395 ok=1
Cmd: compileComputeKernel
  api=14 insize=4103 outsize=2612 ok=1
Cmd: translateComputeKernel
  api=14 insize=2905 outsize=3734 ok=1
Cmd: compileComputeKernel
  api=14 insize=29386 outsize=2056 ok=1
Cmd: compileComputeKernel
  api=14 insize=29386 outsize=1166 ok=1
Cmd: compileComputeKernel
  api=14 insize=29386 outsize=2446 ok=1
Cmd: compileComputeKernel
  api=14 insize=29386 outsize=2408 ok=1
Cmd: compileComputeKernel
  api=14 insize=29386 outsize=2135 ok=1
Cmd: compileComputeKernel
  api=14 insize=29386 outsize=2244 ok=1
Cmd: compileComputeKernel
  api=14 insize=29386 outsize=2326 ok=1
Cmd: compileComputeKernel
  api=14 insize=29386 outsize=1205 ok=1
Cmd: compileComputeKernel
  api=14 insize=29386 outsize=1205 ok=1
Cmd: compileComputeKernel
  api=14 insize=29386 outsize=2135 ok=1
Cmd: compileComputeKernel
  api=14 insize=29386 outsize=1228 ok=1
Cmd: compileComputeKernel
  api=14 insize=29386 outsize=2248 ok=1
Cmd: compileComputeKernel
  api=14 insize=29386 outsize=2669 ok=1
Cmd: compileComputeKernel
  api=14 insize=29386 outsize=2918 ok=1
Cmd: compileComputeKernel
  api=14 insize=29386 outsize=2868 ok=1
Cmd: compileComputeKernel
  api=14 insize=29386 outsize=2677 ok=1
Cmd: compileComputeKernel
  api=14 insize=29386 outsize=2836 ok=1
Cmd: compileComputeKernel
  api=14 insize=29386 outsize=2707 ok=1
Cmd: compileComputeKernel
  api=14 insize=29386 outsize=2619 ok=1
Cmd: compileComputeKernel
  api=14 insize=29386 outsize=2655 ok=1
Cmd: compileComputeKernel
  api=14 insize=29386 outsize=2717 ok=1
Cmd: compileComputeKernel
  api=14 insize=29386 outsize=2758 ok=1
Cmd: translateComputeKernel
  api=14 insize=2251 outsize=1865 ok=1
Cmd: translateComputeKernel
  api=14 insize=1419 outsize=1449 ok=1
Cmd: translateComputeKernel
  api=14 insize=1476 outsize=1516 ok=1
Cmd: translateComputeKernel
  api=14 insize=2671 outsize=2671 ok=1
Cmd: translateComputeKernel
  api=14 insize=1875 outsize=2029 ok=1
Cmd: translateComputeKernel
  api=14 insize=1572 outsize=1659 ok=1
Cmd: translateComputeKernel
  api=14 insize=2344 outsize=1950 ok=1
Cmd: translateComputeKernel
  api=14 insize=2456 outsize=2195 ok=1
Cmd: translateComputeKernel
  api=14 insize=2350 outsize=2033 ok=1
Cmd: translateComputeKernel
  api=14 insize=2272 outsize=1881 ok=1
Cmd: translateComputeKernel
  api=14 insize=2245 outsize=1845 ok=1
Cmd: translateComputeKernel
  api=14 insize=2406 outsize=2117 ok=1
Cmd: translateComputeKernel
  api=14 insize=1481 outsize=1562 ok=1
Cmd: translateComputeKernel
  api=14 insize=2349 outsize=2019 ok=1
Cmd: translateComputeKernel
  api=14 insize=2761 outsize=3083 ok=1
Cmd: translateComputeKernel
  api=14 insize=2790 outsize=3117 ok=1
Cmd: translateComputeKernel
  api=14 insize=2704 outsize=2669 ok=1
Cmd: translateComputeKernel
  api=14 insize=2957 outsize=3342 ok=1
Cmd: translateComputeKernel
  api=14 insize=2989 outsize=3392 ok=1
Cmd: translateComputeKernel
  api=14 insize=2878 outsize=3224 ok=1
Cmd: translateComputeKernel
  api=14 insize=2852 outsize=3184 ok=1
Cmd: translateComputeKernel
  api=14 insize=2904 outsize=3297 ok=1
Cmd: translateComputeKernel
  api=14 insize=2838 outsize=3177 ok=1
Cmd: translateComputeKernel
  api=14 insize=2780 outsize=3114 ok=1
Cmd: translateComputeKernel
  api=14 insize=2816 outsize=2963 ok=1
Cmd: translateComputeKernel
  api=14 insize=2871 outsize=3044 ok=1
Cmd: translateComputeKernel
  api=14 insize=3163 outsize=3551 ok=1

Quitting shader compiler process
