Base path: '/Applications/Unity/Hub/Editor/2019.2.17f1/Unity.app/Contents', plugins path '/Applications/Unity/Hub/Editor/2019.2.17f1/Unity.app/Contents/PlaybackEngines'
Cmd: initializeCompiler
Cmd: compileComputeKernel
  api=14 insize=7960 outsize=2569 ok=1
Cmd: compileComputeKernel
  api=14 insize=7960 outsize=2783 ok=1
Cmd: translateComputeKernel
  api=14 insize=2761 outsize=2729 ok=1
Cmd: translateComputeKernel
  api=14 insize=2772 outsize=2815 ok=1
Cmd: translateComputeKernel
  api=14 insize=3157 outsize=3391 ok=1
Cmd: translateComputeKernel
  api=14 insize=2979 outsize=3096 ok=1
Cmd: compileComputeKernel
  api=14 insize=68835 outsize=3877 ok=1
Cmd: compileComputeKernel
  api=14 insize=68835 outsize=5896 ok=1
Cmd: compileComputeKernel
  api=14 insize=68835 outsize=6622 ok=1
Cmd: translateComputeKernel
  api=14 insize=8733 outsize=16335 ok=1
Cmd: translateComputeKernel
  api=14 insize=4696 outsize=7386 ok=1
Cmd: translateComputeKernel
  api=14 insize=7284 outsize=12597 ok=1
Cmd: compileComputeKernel
  api=14 insize=9919 outsize=2923 ok=1
Cmd: compileComputeKernel
  api=14 insize=9919 outsize=2923 ok=1
Cmd: compileComputeKernel
  api=14 insize=9919 outsize=2957 ok=1
Cmd: compileComputeKernel
  api=14 insize=9919 outsize=3102 ok=1
Cmd: translateComputeKernel
  api=14 insize=2923 outsize=4236 ok=1
Cmd: translateComputeKernel
  api=14 insize=3363 outsize=5031 ok=1
Cmd: translateComputeKernel
  api=14 insize=2923 outsize=4240 ok=1
Cmd: translateComputeKernel
  api=14 insize=3102 outsize=4530 ok=1
Cmd: compileComputeKernel
  api=14 insize=45671 outsize=12312 ok=1
Cmd: translateComputeKernel
  api=14 insize=12345 outsize=23671 ok=1
Cmd: compileComputeKernel
  api=14 insize=7959 outsize=3332 ok=1
Cmd: compileComputeKernel
  api=14 insize=7959 outsize=2718 ok=1
Cmd: translateComputeKernel
  api=14 insize=3019 outsize=3665 ok=1
Cmd: translateComputeKernel
  api=14 insize=4178 outsize=6608 ok=1
Cmd: compileComputeKernel
  api=14 insize=49356 outsize=13099 ok=1
Cmd: compileComputeKernel
  api=14 insize=49356 outsize=3102 ok=1
Cmd: compileComputeKernel
  api=14 insize=49356 outsize=3054 ok=1
Cmd: compileComputeKernel
  api=14 insize=49356 outsize=3107 ok=1
Cmd: compileComputeKernel
  api=14 insize=49356 outsize=3727 ok=1
Cmd: compileComputeKernel
  api=14 insize=49356 outsize=3759 ok=1
Cmd: compileComputeKernel
  api=14 insize=49356 outsize=3757 ok=1
Cmd: compileComputeKernel
  api=14 insize=49356 outsize=3069 ok=1
Cmd: compileComputeKernel
  api=14 insize=49356 outsize=3137 ok=1
Cmd: compileComputeKernel
  api=14 insize=49356 outsize=3337 ok=1
Cmd: compileComputeKernel
  api=14 insize=49356 outsize=3605 ok=1
Cmd: translateComputeKernel
  api=14 insize=13480 outsize=23662 ok=1
Cmd: translateComputeKernel
  api=14 insize=4203 outsize=4998 ok=1
Cmd: translateComputeKernel
  api=14 insize=3673 outsize=3719 ok=1
Cmd: translateComputeKernel
  api=14 insize=4086 outsize=4395 ok=1
Cmd: compileComputeKernel
  api=14 insize=4103 outsize=2913 ok=1
Cmd: translateComputeKernel
  api=14 insize=2757 outsize=3255 ok=1
Cmd: compileComputeKernel
  api=14 insize=29386 outsize=1157 ok=1
Cmd: compileComputeKernel
  api=14 insize=29386 outsize=2058 ok=1
Cmd: compileComputeKernel
  api=14 insize=29386 outsize=1223 ok=1
Cmd: compileComputeKernel
  api=14 insize=29386 outsize=2408 ok=1
Cmd: compileComputeKernel
  api=14 insize=29386 outsize=2135 ok=1
Cmd: compileComputeKernel
  api=14 insize=29386 outsize=1345 ok=1
Cmd: compileComputeKernel
  api=14 insize=29386 outsize=2399 ok=1
Cmd: compileComputeKernel
  api=14 insize=29386 outsize=2181 ok=1
Cmd: compileComputeKernel
  api=14 insize=29386 outsize=1205 ok=1
Cmd: compileComputeKernel
  api=14 insize=29386 outsize=2135 ok=1
Cmd: compileComputeKernel
  api=14 insize=29386 outsize=1228 ok=1
Cmd: compileComputeKernel
  api=14 insize=29386 outsize=2663 ok=1
Cmd: compileComputeKernel
  api=14 insize=29386 outsize=2629 ok=1
Cmd: compileComputeKernel
  api=14 insize=29386 outsize=2918 ok=1
Cmd: compileComputeKernel
  api=14 insize=29386 outsize=2828 ok=1
Cmd: compileComputeKernel
  api=14 insize=29386 outsize=2754 ok=1
Cmd: compileComputeKernel
  api=14 insize=29386 outsize=2813 ok=1
Cmd: compileComputeKernel
  api=14 insize=29386 outsize=2707 ok=1
Cmd: compileComputeKernel
  api=14 insize=29386 outsize=2619 ok=1
Cmd: compileComputeKernel
  api=14 insize=29386 outsize=2655 ok=1
Cmd: compileComputeKernel
  api=14 insize=29386 outsize=2717 ok=1
Cmd: compileComputeKernel
  api=14 insize=29386 outsize=2758 ok=1
Cmd: translateComputeKernel
  api=14 insize=2251 outsize=1865 ok=1
Cmd: translateComputeKernel
  api=14 insize=2253 outsize=1849 ok=1
Cmd: translateComputeKernel
  api=14 insize=2313 outsize=1961 ok=1
Cmd: translateComputeKernel
  api=14 insize=2449 outsize=2108 ok=1
Cmd: translateComputeKernel
  api=14 insize=2481 outsize=2158 ok=1
Cmd: translateComputeKernel
  api=14 insize=1572 outsize=1659 ok=1
Cmd: translateComputeKernel
  api=14 insize=2404 outsize=2074 ok=1
Cmd: translateComputeKernel
  api=14 insize=2290 outsize=1917 ok=1
Cmd: translateComputeKernel
  api=14 insize=2350 outsize=2033 ok=1
Cmd: translateComputeKernel
  api=14 insize=2272 outsize=1881 ok=1
Cmd: translateComputeKernel
  api=14 insize=2245 outsize=1845 ok=1
Cmd: translateComputeKernel
  api=14 insize=2360 outsize=2038 ok=1
Cmd: translateComputeKernel
  api=14 insize=2289 outsize=1903 ok=1
Cmd: translateComputeKernel
  api=14 insize=2801 outsize=3109 ok=1
Cmd: translateComputeKernel
  api=14 insize=2790 outsize=3117 ok=1
Cmd: translateComputeKernel
  api=14 insize=3020 outsize=3254 ok=1
Cmd: translateComputeKernel
  api=14 insize=3029 outsize=3418 ok=1
Cmd: translateComputeKernel
  api=14 insize=2878 outsize=3224 ok=1
Cmd: translateComputeKernel
  api=14 insize=2967 outsize=3201 ok=1
Cmd: translateComputeKernel
  api=14 insize=2838 outsize=3177 ok=1
Cmd: translateComputeKernel
  api=14 insize=2820 outsize=3140 ok=1
Cmd: translateComputeKernel
  api=14 insize=2780 outsize=3115 ok=1
Cmd: translateComputeKernel
  api=14 insize=2753 outsize=3079 ok=1
Cmd: translateComputeKernel
  api=14 insize=3163 outsize=3551 ok=1

Quitting shader compiler process
